<?xml version="1.0" encoding="UTF-8"?>
<!-- Generated by org.testng.reporters.JUnitReportReporter -->
<testsuite skipped="0" hostname="B15-IT-C27650" name="listener.ListenerTest" tests="1" failures="0" timestamp="2021-12-17T12:40:16 IST" time="17.267" errors="0">
  <testcase name="testA" time="17.267" classname="listener.ListenerTest"/>
</testsuite> <!-- listener.ListenerTest -->
